2017/06/29 12:54:06 Shutting down server...
2017/06/29 12:54:06 listen: http: Server closed
2017/06/29 12:54:10 Server gracefully stopped
2017/06/29 12:54:25 Shutting down server...
2017/06/29 12:54:25 listen: http: Server closed
2017/06/29 12:54:29 Server gracefully stopped
2017/06/29 12:54:54 Shutting down server...
2017/06/29 12:54:54 listen: http: Server closed
2017/06/29 12:54:57 Server gracefully stopped
2017/06/29 12:55:31 Shutting down server...
2017/06/29 12:55:31 listen: http: Server closed
2017/06/29 12:55:32 Server gracefully stopped
2017/06/29 12:55:43 Shutting down server...
2017/06/29 12:55:43 listen: http: Server closed
2017/06/29 12:55:45 Server gracefully stopped
2017/06/29 12:56:09 Shutting down server...
2017/06/29 12:56:09 listen: http: Server closed
2017/06/29 12:56:14 Server gracefully stopped
2017/06/29 12:56:27 Shutting down server...
2017/06/29 12:56:27 listen: http: Server closed
2017/06/29 12:56:29 Server gracefully stopped
2017/06/29 12:56:50 Shutting down server...
2017/06/29 12:56:50 listen: http: Server closed
2017/06/29 12:56:52 Server gracefully stopped
2017/06/29 12:57:21 Shutting down server...
2017/06/29 12:57:21 Server gracefully stopped
2017/06/29 12:58:18 Shutting down server...
2017/06/29 12:58:18 listen: http: Server closed
2017/06/29 12:58:21 Server gracefully stopped
2017/06/29 12:58:29 Shutting down server...
2017/06/29 12:58:29 listen: http: Server closed
2017/06/29 12:58:32 Server gracefully stopped
2017/06/29 12:58:42 Shutting down server...
2017/06/29 12:58:42 listen: http: Server closed
2017/06/29 12:58:43 Server gracefully stopped
2017/06/29 12:59:01 Shutting down server...
2017/06/29 12:59:01 listen: http: Server closed
2017/06/29 12:59:04 Server gracefully stopped
2017/06/29 12:59:05 Shutting down server...
2017/06/29 12:59:05 listen: http: Server closed
2017/06/29 12:59:09 Server gracefully stopped
2017/06/29 12:59:25 Shutting down server...
2017/06/29 12:59:25 listen: http: Server closed
2017/06/29 12:59:28 Server gracefully stopped
2017/06/29 12:59:29 Shutting down server...
2017/06/29 12:59:29 listen: http: Server closed
2017/06/29 12:59:34 Server gracefully stopped
2017/06/29 12:59:51 Shutting down server...
2017/06/29 12:59:51 Server gracefully stopped
2017/06/29 13:00:19 Shutting down server...
2017/06/29 13:00:19 listen: http: Server closed
2017/06/29 13:00:21 Server gracefully stopped
2017/06/29 13:00:21 Shutting down server...
2017/06/29 13:00:21 listen: http: Server closed
2017/06/29 13:00:23 Shutting down server...
2017/06/29 13:00:23 listen: http: Server closed
2017/06/29 13:00:25 Shutting down server...
2017/06/29 13:00:25 listen: http: Server closed
2017/06/29 13:00:26 Server gracefully stopped
2017/06/29 13:00:27 Server gracefully stopped
2017/06/29 13:00:29 Server gracefully stopped
2017/06/29 13:00:43 Shutting down server...
2017/06/29 13:00:43 listen: http: Server closed
2017/06/29 13:00:46 Shutting down server...
2017/06/29 13:00:46 Server gracefully stopped
2017/06/29 13:00:47 Server gracefully stopped
2017/06/29 13:00:53 Shutting down server...
2017/06/29 13:00:53 listen: http: Server closed
2017/06/29 13:00:55 Shutting down server...
2017/06/29 13:00:55 Server gracefully stopped
2017/06/29 13:00:56 Server gracefully stopped
2017/06/29 13:01:39 Shutting down server...
2017/06/29 13:01:39 listen: http: Server closed
2017/06/29 13:01:41 Shutting down server...
2017/06/29 13:01:41 Server gracefully stopped
2017/06/29 13:01:43 Shutting down server...
2017/06/29 13:01:43 Server gracefully stopped
2017/06/29 13:01:43 Server gracefully stopped
2017/06/29 13:02:02 Shutting down server...
2017/06/29 13:02:02 listen: http: Server closed
2017/06/29 13:02:04 Shutting down server...
2017/06/29 13:02:04 Server gracefully stopped
2017/06/29 13:02:05 Shutting down server...
2017/06/29 13:02:05 Server gracefully stopped
2017/06/29 13:02:06 Server gracefully stopped
2017/06/29 13:02:17 Shutting down server...
2017/06/29 13:02:17 listen: http: Server closed
2017/06/29 13:02:19 Shutting down server...
2017/06/29 13:02:19 Server gracefully stopped
2017/06/29 13:02:20 Shutting down server...
2017/06/29 13:02:20 Server gracefully stopped
2017/06/29 13:02:21 Server gracefully stopped
2017/06/29 13:02:22 Shutting down server...
2017/06/29 13:02:22 listen: http: Server closed
2017/06/29 13:02:24 Shutting down server...
2017/06/29 13:02:24 Server gracefully stopped
2017/06/29 13:02:26 Shutting down server...
2017/06/29 13:02:26 Server gracefully stopped
2017/06/29 13:02:27 Server gracefully stopped
2017/06/29 13:05:28 Shutting down server...
2017/06/29 13:05:28 Server gracefully stopped
2017/06/29 13:10:51 Shutting down server...
2017/06/29 13:10:51 listen: http: Server closed
2017/06/29 13:10:53 Shutting down server...
2017/06/29 13:10:53 Server gracefully stopped
2017/06/29 13:10:55 Shutting down server...
2017/06/29 13:10:55 Server gracefully stopped
2017/06/29 13:10:55 Server gracefully stopped
2017/06/29 13:10:57 Shutting down server...
2017/06/29 13:10:57 listen: http: Server closed
2017/06/29 13:10:59 Shutting down server...
2017/06/29 13:10:59 Server gracefully stopped
2017/06/29 13:11:00 Shutting down server...
2017/06/29 13:11:00 Server gracefully stopped
2017/06/29 13:11:02 Server gracefully stopped
2017/06/29 13:11:02 Shutting down server...
2017/06/29 13:11:02 Server gracefully stopped
2017/06/29 13:11:19 Shutting down server...
2017/06/29 13:11:19 listen: http: Server closed
2017/06/29 13:11:20 Shutting down server...
2017/06/29 13:11:20 Server gracefully stopped
2017/06/29 13:11:21 Shutting down server...
2017/06/29 13:11:21 Server gracefully stopped
2017/06/29 13:11:23 Server gracefully stopped
2017/06/29 13:11:40 Shutting down server...
2017/06/29 13:11:40 listen: http: Server closed
2017/06/29 13:11:42 Server gracefully stopped
2017/06/29 13:11:59 Shutting down server...
2017/06/29 13:11:59 listen: http: Server closed
2017/06/29 13:12:03 Server gracefully stopped
2017/06/29 13:14:10 Shutting down server...
2017/06/29 13:14:10 listen: http: Server closed
2017/06/29 13:14:10 Server gracefully stopped
2017/06/29 13:14:27 Shutting down server...
2017/06/29 13:14:27 listen: http: Server closed
2017/06/29 13:14:31 Server gracefully stopped
2017/06/29 13:14:32 Shutting down server...
2017/06/29 13:14:32 listen: http: Server closed
2017/06/29 13:14:36 Server gracefully stopped
2017/06/29 13:15:14 Shutting down server...
2017/06/29 13:15:14 listen: http: Server closed
2017/06/29 13:15:16 Shutting down server...
2017/06/29 13:15:16 Server gracefully stopped
2017/06/29 13:15:17 Server gracefully stopped
2017/06/29 13:15:18 Shutting down server...
2017/06/29 13:15:18 listen: http: Server closed
2017/06/29 13:15:21 Shutting down server...
2017/06/29 13:15:21 Server gracefully stopped
2017/06/29 13:15:22 Server gracefully stopped
2017/06/29 13:15:23 Shutting down server...
2017/06/29 13:15:23 listen: http: Server closed
2017/06/29 13:15:25 Shutting down server...
2017/06/29 13:15:25 Server gracefully stopped
2017/06/29 13:15:26 Shutting down server...
2017/06/29 13:15:26 Server gracefully stopped
2017/06/29 13:15:27 Server gracefully stopped
2017/06/29 13:15:28 Shutting down server...
2017/06/29 13:15:28 listen: http: Server closed
2017/06/29 13:15:30 Shutting down server...
2017/06/29 13:15:30 Server gracefully stopped
2017/06/29 13:15:31 Shutting down server...
2017/06/29 13:15:31 Server gracefully stopped
2017/06/29 13:15:32 Server gracefully stopped
2017/06/29 13:15:33 Shutting down server...
2017/06/29 13:15:33 listen: http: Server closed
2017/06/29 13:15:35 Shutting down server...
2017/06/29 13:15:35 Server gracefully stopped
2017/06/29 13:15:36 Shutting down server...
2017/06/29 13:15:36 Server gracefully stopped
2017/06/29 13:15:37 Server gracefully stopped
2017/06/29 13:15:44 Shutting down server...
2017/06/29 13:15:44 listen: http: Server closed
2017/06/29 13:15:47 Server gracefully stopped
2017/06/29 13:15:47 Shutting down server...
2017/06/29 13:15:47 listen: http: Server closed
2017/06/29 13:15:50 Shutting down server...
2017/06/29 13:15:50 Server gracefully stopped
2017/06/29 13:15:52 Server gracefully stopped
2017/06/29 13:15:53 Shutting down server...
2017/06/29 13:15:53 listen: http: Server closed
2017/06/29 13:15:57 Server gracefully stopped
2017/06/29 13:16:00 Shutting down server...
2017/06/29 13:16:00 listen: http: Server closed
2017/06/29 13:16:02 Server gracefully stopped
2017/06/29 13:16:03 Shutting down server...
2017/06/29 13:16:03 listen: http: Server closed
2017/06/29 13:16:06 Shutting down server...
2017/06/29 13:16:06 Server gracefully stopped
2017/06/29 13:16:07 Server gracefully stopped
2017/06/29 13:16:28 Shutting down server...
2017/06/29 13:16:28 listen: http: Server closed
2017/06/29 13:16:30 Server gracefully stopped
2017/06/29 13:16:42 Shutting down server...
2017/06/29 13:16:42 listen: http: Server closed
2017/06/29 13:16:45 Server gracefully stopped
2017/06/29 13:16:47 Shutting down server...
2017/06/29 13:16:47 listen: http: Server closed
2017/06/29 13:16:49 Server gracefully stopped
2017/06/29 13:16:51 Shutting down server...
2017/06/29 13:16:51 listen: http: Server closed
2017/06/29 13:16:54 Shutting down server...
2017/06/29 13:16:54 listen: http: Server closed
2017/06/29 13:16:55 Server gracefully stopped
2017/06/29 13:16:59 Server gracefully stopped
2017/06/29 13:17:16 Shutting down server...
2017/06/29 13:17:16 listen: http: Server closed
2017/06/29 13:17:19 Shutting down server...
2017/06/29 13:17:19 Server gracefully stopped
2017/06/29 13:17:20 Server gracefully stopped
2017/06/29 13:17:33 Shutting down server...
2017/06/29 13:17:33 listen: http: Server closed
2017/06/29 13:17:35 Shutting down server...
2017/06/29 13:17:35 Server gracefully stopped
2017/06/29 13:17:37 Server gracefully stopped
2017/06/29 13:17:37 Shutting down server...
2017/06/29 13:17:37 listen: http: Server closed
2017/06/29 13:17:38 Shutting down server...
2017/06/29 13:17:38 Server gracefully stopped
2017/06/29 13:17:40 Shutting down server...
2017/06/29 13:17:40 Server gracefully stopped
2017/06/29 13:17:42 Server gracefully stopped
2017/06/29 13:17:42 Shutting down server...
2017/06/29 13:17:42 listen: http: Server closed
2017/06/29 13:17:44 Shutting down server...
2017/06/29 13:17:44 Server gracefully stopped
2017/06/29 13:17:46 Shutting down server...
2017/06/29 13:17:46 Server gracefully stopped
2017/06/29 13:17:47 Server gracefully stopped
2017/06/29 13:17:47 Shutting down server...
2017/06/29 13:17:47 listen: http: Server closed
2017/06/29 13:17:49 Shutting down server...
2017/06/29 13:17:49 Server gracefully stopped
2017/06/29 13:17:50 Shutting down server...
2017/06/29 13:17:50 Server gracefully stopped
2017/06/29 13:17:52 Shutting down server...
2017/06/29 13:17:52 Server gracefully stopped
2017/06/29 13:17:52 Server gracefully stopped
2017/06/29 13:17:57 Shutting down server...
2017/06/29 13:17:57 Server gracefully stopped
2017/06/29 13:17:58 Shutting down server...
2017/06/29 13:17:58 Server gracefully stopped
2017/06/29 13:18:04 Shutting down server...
2017/06/29 13:18:04 listen: http: Server closed
2017/06/29 13:18:05 Shutting down server...
2017/06/29 13:18:05 Server gracefully stopped
2017/06/29 13:18:07 Shutting down server...
2017/06/29 13:18:07 Server gracefully stopped
2017/06/29 13:18:07 Server gracefully stopped
2017/06/29 13:18:08 Shutting down server...
2017/06/29 13:18:08 listen: http: Server closed
2017/06/29 13:18:09 Shutting down server...
2017/06/29 13:18:09 Server gracefully stopped
2017/06/29 13:18:11 Shutting down server...
2017/06/29 13:18:11 Server gracefully stopped
2017/06/29 13:18:12 Shutting down server...
2017/06/29 13:18:12 listen: http: Server closed
2017/06/29 13:18:12 Server gracefully stopped
2017/06/29 13:18:13 Shutting down server...
2017/06/29 13:18:13 Server gracefully stopped
2017/06/29 13:18:14 Shutting down server...
2017/06/29 13:18:14 Server gracefully stopped
2017/06/29 13:18:16 Shutting down server...
2017/06/29 13:18:16 Server gracefully stopped
2017/06/29 13:18:17 Shutting down server...
2017/06/29 13:18:17 listen: http: Server closed
2017/06/29 13:18:17 Server gracefully stopped
2017/06/29 13:18:19 Shutting down server...
2017/06/29 13:18:19 Server gracefully stopped
2017/06/29 13:18:20 Shutting down server...
2017/06/29 13:18:20 Server gracefully stopped
2017/06/29 13:18:22 Server gracefully stopped
2017/06/29 13:38:15 Shutting down server...
2017/06/29 13:38:15 listen: http: Server closed
2017/06/29 13:38:16 Shutting down server...
2017/06/29 13:38:16 Server gracefully stopped
2017/06/29 13:38:18 Shutting down server...
2017/06/29 13:38:18 Server gracefully stopped
2017/06/29 13:38:19 Server gracefully stopped
2017/06/29 13:38:19 Shutting down server...
2017/06/29 13:38:19 listen: http: Server closed
2017/06/29 13:38:21 Shutting down server...
2017/06/29 13:38:21 Server gracefully stopped
2017/06/29 13:38:23 Shutting down server...
2017/06/29 13:38:23 Server gracefully stopped
2017/06/29 13:38:24 Server gracefully stopped
2017/06/29 13:38:24 Shutting down server...
2017/06/29 13:38:24 listen: http: Server closed
2017/06/29 13:38:26 Shutting down server...
2017/06/29 13:38:26 Server gracefully stopped
2017/06/29 13:38:27 Shutting down server...
2017/06/29 13:38:27 Server gracefully stopped
2017/06/29 13:38:29 Shutting down server...
2017/06/29 13:38:29 Server gracefully stopped
2017/06/29 13:38:29 Server gracefully stopped
2017/06/29 13:38:30 Shutting down server...
2017/06/29 13:38:30 listen: http: Server closed
2017/06/29 13:38:32 Shutting down server...
2017/06/29 13:38:32 Server gracefully stopped
2017/06/29 13:38:33 Shutting down server...
2017/06/29 13:38:33 Server gracefully stopped
2017/06/29 13:38:34 Server gracefully stopped
2017/06/29 13:38:34 Shutting down server...
2017/06/29 13:38:34 listen: http: Server closed
2017/06/29 13:38:36 Shutting down server...
2017/06/29 13:38:36 Server gracefully stopped
2017/06/29 13:38:37 Shutting down server...
2017/06/29 13:38:37 Server gracefully stopped
2017/06/29 13:38:39 Shutting down server...
2017/06/29 13:38:39 listen: http: Server closed
2017/06/29 13:38:39 Server gracefully stopped
2017/06/29 13:38:44 Server gracefully stopped
2017/06/29 13:40:28 listen: listen tcp :8005: bind: address already in use
2017/06/29 13:40:28 Shutting down server...
2017/06/29 13:40:28 Server gracefully stopped
2017/06/29 13:40:28 Shutting down server...
2017/06/29 13:40:28 listen: http: Server closed
2017/06/29 13:40:31 listen: listen tcp :8005: bind: address already in use
2017/06/29 13:40:31 Shutting down server...
2017/06/29 13:40:31 Server gracefully stopped
2017/06/29 13:40:31 Shutting down server...
2017/06/29 13:40:31 Server gracefully stopped
2017/06/29 13:40:31 Server gracefully stopped
2017/06/29 13:57:49 Shutting down server...
2017/06/29 13:57:49 listen: http: Server closed
2017/06/29 13:57:50 Server gracefully stopped
2017/06/29 13:57:52 Shutting down server...
2017/06/29 13:57:52 listen: http: Server closed
2017/06/29 13:57:55 Server gracefully stopped
2017/06/30 09:56:51 Shutting down server...
2017/06/30 09:56:51 Server gracefully stopped
2017/06/30 10:34:53 0xc420012eef
2017/06/30 10:34:53 main: Listening on a new file descriptor.
2017/06/30 10:35:03 signal: user defined signal 2
2017/06/30 10:35:03 reload
2017/06/30 10:35:03 server.Serve err: http: Server closed
2017/06/30 10:35:03 0xc420012eef
2017/06/30 10:35:03 main: Listening to existing file descriptor 3.
2017/06/30 10:35:11 signal: terminated
2017/06/30 10:35:11 stop
2017/06/30 10:35:11 graceful shutdown
2017/06/30 10:35:11 signal end
2017/06/30 10:35:18 graceful reload
2017/06/30 10:35:18 signal end
2017/06/30 10:35:39 0xc420012ecf
2017/06/30 10:35:39 main: Listening on a new file descriptor.
2017/06/30 10:35:43 0xc420012eef
2017/06/30 10:35:43 main: Listening on a new file descriptor.
2017/06/30 10:35:43 listener error: listen tcp :8005: bind: address already in use
2017/06/30 10:35:51 signal: terminated
2017/06/30 10:35:51 stop
2017/06/30 10:35:51 server.Serve err: http: Server closed
2017/06/30 10:36:08 graceful shutdown
2017/06/30 10:36:08 signal end
2017/06/30 10:39:35 0xc420012eef
2017/06/30 10:39:35 main: Listening on a new file descriptor.
2017/06/30 10:39:43 signal: user defined signal 2
2017/06/30 10:39:43 reload
2017/06/30 10:39:43 graceful reload
2017/06/30 10:39:43 signal end
2017/06/30 10:39:43 0xc420012edf
2017/06/30 10:39:43 main: Listening to existing file descriptor 3.
2017/06/30 10:39:52 signal: user defined signal 2
2017/06/30 10:39:52 reload
2017/06/30 10:39:52 graceful reload
2017/06/30 10:39:52 signal end
2017/06/30 10:39:52 0xc420012eef
2017/06/30 10:39:52 main: Listening to existing file descriptor 3.
2017/06/30 10:41:10 signal: user defined signal 2
2017/06/30 10:41:10 reload
2017/06/30 10:41:10 server.Serve err: http: Server closed
2017/06/30 10:41:10 0xc420012eef
2017/06/30 10:41:10 main: Listening to existing file descriptor 3.
2017/06/30 10:41:11 signal: user defined signal 2
2017/06/30 10:41:11 reload
2017/06/30 10:41:11 graceful reload
2017/06/30 10:41:11 signal end
2017/06/30 10:41:11 0xc420012edf
2017/06/30 10:41:11 main: Listening to existing file descriptor 3.
2017/06/30 10:41:12 graceful reload
2017/06/30 10:41:12 signal end
2017/06/30 10:41:13 signal: user defined signal 2
2017/06/30 10:41:13 reload
2017/06/30 10:41:13 server.Serve err: http: Server closed
2017/06/30 10:41:13 0xc420012eef
2017/06/30 10:41:13 main: Listening to existing file descriptor 3.
2017/06/30 10:41:14 signal: user defined signal 2
2017/06/30 10:41:14 reload
2017/06/30 10:41:14 graceful reload
2017/06/30 10:41:14 signal end
2017/06/30 10:41:14 0xc420012eef
2017/06/30 10:41:14 main: Listening to existing file descriptor 3.
2017/06/30 10:41:16 signal: user defined signal 2
2017/06/30 10:41:16 reload
2017/06/30 10:41:16 graceful reload
2017/06/30 10:41:16 signal end
2017/06/30 10:41:16 0xc420012eef
2017/06/30 10:41:16 main: Listening to existing file descriptor 3.
2017/06/30 10:41:17 graceful reload
2017/06/30 10:41:17 signal end
2017/06/30 10:41:19 signal: user defined signal 2
2017/06/30 10:41:19 reload
2017/06/30 10:41:19 0xc420012edf
2017/06/30 10:41:19 main: Listening to existing file descriptor 3.
2017/06/30 10:41:19 server.Serve err: http: Server closed
2017/06/30 10:41:21 signal: user defined signal 2
2017/06/30 10:41:21 reload
2017/06/30 10:41:21 graceful reload
2017/06/30 10:41:21 signal end
2017/06/30 10:41:21 0xc420012eef
2017/06/30 10:41:21 main: Listening to existing file descriptor 3.
2017/06/30 10:41:22 graceful reload
2017/06/30 10:41:22 signal end
2017/06/30 10:41:22 signal: user defined signal 2
2017/06/30 10:41:22 reload
2017/06/30 10:41:22 server.Serve err: http: Server closed
2017/06/30 10:41:22 0xc420012eef
2017/06/30 10:41:22 main: Listening to existing file descriptor 3.
2017/06/30 10:41:25 signal: user defined signal 2
2017/06/30 10:41:25 reload
2017/06/30 10:41:25 graceful reload
2017/06/30 10:41:25 signal end
2017/06/30 10:41:25 0xc420012eef
2017/06/30 10:41:25 main: Listening to existing file descriptor 3.
2017/06/30 10:41:27 signal: user defined signal 2
2017/06/30 10:41:27 reload
2017/06/30 10:41:27 0xc420012eef
2017/06/30 10:41:27 main: Listening to existing file descriptor 3.
2017/06/30 10:41:27 graceful reload
2017/06/30 10:41:27 signal end
2017/06/30 10:41:27 graceful reload
2017/06/30 10:41:27 signal end
2017/06/30 10:41:29 signal: user defined signal 2
2017/06/30 10:41:29 reload
2017/06/30 10:41:29 server.Serve err: http: Server closed
2017/06/30 10:41:29 0xc420012eef
2017/06/30 10:41:29 main: Listening to existing file descriptor 3.
2017/06/30 10:41:31 signal: user defined signal 2
2017/06/30 10:41:31 reload
2017/06/30 10:41:31 0xc420012eef
2017/06/30 10:41:31 main: Listening to existing file descriptor 3.
2017/06/30 10:41:31 graceful reload
2017/06/30 10:41:31 signal end
2017/06/30 10:41:33 graceful reload
2017/06/30 10:41:33 signal end
2017/06/30 10:41:40 signal: user defined signal 2
2017/06/30 10:41:40 reload
2017/06/30 10:41:40 server.Serve err: http: Server closed
2017/06/30 10:41:40 0xc420012eef
2017/06/30 10:41:40 main: Listening to existing file descriptor 3.
2017/06/30 10:41:42 graceful reload
2017/06/30 10:41:42 signal end
2017/06/30 10:41:49 signal: user defined signal 2
2017/06/30 10:41:49 reload
2017/06/30 10:41:49 server.Serve err: http: Server closed
2017/06/30 10:41:49 0xc420012eef
2017/06/30 10:41:49 main: Listening to existing file descriptor 3.
2017/06/30 10:41:52 graceful reload
2017/06/30 10:41:52 signal end
2017/06/30 10:41:59 signal: user defined signal 2
2017/06/30 10:41:59 reload
2017/06/30 10:41:59 server.Serve err: http: Server closed
2017/06/30 10:41:59 0xc420012eef
2017/06/30 10:41:59 main: Listening to existing file descriptor 3.
2017/06/30 10:42:03 graceful reload
2017/06/30 10:42:03 signal end
2017/06/30 10:42:08 signal: user defined signal 2
2017/06/30 10:42:08 reload
2017/06/30 10:42:08 graceful reload
2017/06/30 10:42:08 signal end
2017/06/30 10:42:08 0xc420012eef
2017/06/30 10:42:08 main: Listening to existing file descriptor 3.
2017/06/30 10:42:10 signal: user defined signal 2
2017/06/30 10:42:10 reload
2017/06/30 10:42:10 graceful reload
2017/06/30 10:42:10 signal end
2017/06/30 10:42:10 0xc420012eef
2017/06/30 10:42:10 main: Listening to existing file descriptor 3.
2017/06/30 10:42:12 signal: user defined signal 2
2017/06/30 10:42:12 reload
2017/06/30 10:42:12 graceful reload
2017/06/30 10:42:12 signal end
2017/06/30 10:42:12 0xc420012eef
2017/06/30 10:42:12 main: Listening to existing file descriptor 3.
2017/06/30 10:44:05 signal: user defined signal 2
2017/06/30 10:44:05 reload
2017/06/30 10:44:05 graceful restart error: fork/exec ./goapi: permission denied
2017/06/30 10:44:28 0xc420012eef
2017/06/30 10:44:28 main: Listening on a new file descriptor.
2017/06/30 10:44:31 signal: user defined signal 2
2017/06/30 10:44:31 reload
2017/06/30 10:44:31 graceful reload
2017/06/30 10:44:31 signal end
2017/06/30 10:44:31 0xc420012eef
2017/06/30 10:44:31 main: Listening to existing file descriptor 3.
2017/06/30 10:45:04 signal: user defined signal 2
2017/06/30 10:45:04 reload
2017/06/30 10:45:04 graceful reload
2017/06/30 10:45:04 signal end
2017/06/30 10:45:04 0xc420012eef
2017/06/30 10:45:04 main: Listening to existing file descriptor 3.
2017/06/30 10:46:38 0xc420012edf
2017/06/30 10:46:38 main: Listening on a new file descriptor.
2017/06/30 10:46:38 listener error: listen tcp :8005: bind: address already in use
2017/06/30 10:47:28 signal: terminated
2017/06/30 10:47:28 stop
2017/06/30 10:47:28 graceful shutdown
2017/06/30 10:47:28 signal end
