cronStart
cronEnd
/usr/local/bin/php
exit status 1
Could not open input file: /www/webroot/bgbdev/Bin/act_bonus_outdoor.php

/usr/local/bin/php
exit status 1
Could not open input file: /www/webroot/bgbdev/Bin/act_bonus_outdoor.php

/usr/local/bin/php
exit status 1
Could not open input file: /www/webroot/bgbdev/Bin/act_bonus_outdoor.php

/usr/local/bin/php
exit status 1
Could not open input file: /www/webroot/bgbdev/Bin/act_bonus_outdoor.php

/usr/local/bin/php
exit status 1
Could not open input file: /www/webroot/bgbdev/Bin/act_bonus_outdoor.php

/usr/local/bin/php
exit status 1
Could not open input file: /www/webroot/bgbdev/Bin/act_bonus_outdoor.php

/usr/local/bin/php
exit status 1
Could not open input file: /www/webroot/bgbdev/Bin/act_bonus_outdoor.php

/usr/local/bin/php
exit status 1
Could not open input file: /www/webroot/bgbdev/Bin/act_bonus_outdoor.php

/usr/local/bin/php
exit status 1
Could not open input file: /www/webroot/bgbdev/Bin/act_bonus_outdoor.php

/usr/local/bin/php
exit status 1
Could not open input file: /www/webroot/bgbdev/Bin/act_bonus_outdoor.php

/usr/local/bin/php
exit status 1
Could not open input file: /www/webroot/bgbdev/Bin/act_bonus_outdoor.php

/usr/local/bin/php
exit status 1
Could not open input file: /www/webroot/bgbdev/Bin/act_bonus_outdoor.php

/usr/local/bin/php
exit status 1
Could not open input file: /www/webroot/bgbdev/Bin/act_bonus_outdoor.php

/usr/local/bin/php
exit status 1
Could not open input file: /www/webroot/bgbdev/Bin/act_bonus_outdoor.php

/usr/local/bin/php
exit status 1
Could not open input file: /www/webroot/bgbdev/Bin/act_bonus_outdoor.php

/usr/local/bin/php
exit status 1
Could not open input file: /www/webroot/bgbdev/Bin/act_bonus_outdoor.php

/usr/local/bin/php
exit status 1
Could not open input file: /www/webroot/bgbdev/Bin/act_bonus_outdoor.php

/usr/local/bin/php
exit status 1
Could not open input file: /www/webroot/bgbdev/Bin/act_bonus_outdoor.php

/usr/local/bin/php
exit status 1
Could not open input file: /www/webroot/bgbdev/Bin/act_bonus_outdoor.php

/usr/local/bin/php
exit status 1
Could not open input file: /www/webroot/bgbdev/Bin/act_bonus_outdoor.php

/usr/local/bin/php
exit status 1
Could not open input file: /www/webroot/bgbdev/Bin/act_bonus_outdoor.php

/usr/local/bin/php
exit status 1
Could not open input file: /www/webroot/bgbdev/Bin/act_bonus_outdoor.php

/usr/local/bin/php
exit status 1
Could not open input file: /www/webroot/bgbdev/Bin/act_bonus_outdoor.php

/usr/local/bin/php
exit status 1
Could not open input file: /www/webroot/bgbdev/Bin/act_bonus_outdoor.php

/usr/local/bin/php
exit status 1
Could not open input file: /www/webroot/bgbdev/Bin/act_bonus_outdoor.php

/usr/local/bin/php
exit status 1
Could not open input file: /www/webroot/bgbdev/Bin/act_bonus_outdoor.php

/usr/local/bin/php
exit status 1
Could not open input file: /www/webroot/bgbdev/Bin/act_bonus_outdoor.php

/usr/local/bin/php
exit status 1
Could not open input file: /www/webroot/bgbdev/Bin/act_bonus_outdoor.php

/usr/local/bin/php
exit status 1
Could not open input file: /www/webroot/bgbdev/Bin/act_bonus_outdoor.php

/usr/local/bin/php
exit status 1
Could not open input file: /www/webroot/bgbdev/Bin/act_bonus_outdoor.php

/usr/local/bin/php
exit status 1
Could not open input file: /www/webroot/bgbdev/Bin/act_bonus_outdoor.php

/usr/local/bin/php
exit status 1
Could not open input file: /www/webroot/bgbdev/Bin/act_bonus_outdoor.php

/usr/local/bin/php
exit status 1
Could not open input file: /www/webroot/bgbdev/Bin/act_bonus_outdoor.php

/usr/local/bin/php
exit status 1
Could not open input file: /www/webroot/bgbdev/Bin/act_bonus_outdoor.php

/usr/local/bin/php
exit status 1
Could not open input file: /www/webroot/bgbdev/Bin/act_bonus_outdoor.php

/usr/local/bin/php
exit status 1
Could not open input file: /www/webroot/bgbdev/Bin/act_bonus_outdoor.php

/usr/local/bin/php
exit status 1
Could not open input file: /www/webroot/bgbdev/Bin/act_bonus_outdoor.php

/usr/local/bin/php
exit status 1
Could not open input file: /www/webroot/bgbdev/Bin/act_bonus_outdoor.php

/usr/local/bin/php
exit status 1
Could not open input file: /www/webroot/bgbdev/Bin/act_bonus_outdoor.php

/usr/local/bin/php
exit status 1
Could not open input file: /www/webroot/bgbdev/Bin/act_bonus_outdoor.php

/usr/local/bin/php
exit status 1
Could not open input file: /www/webroot/bgbdev/Bin/act_bonus_outdoor.php

/usr/local/bin/php
exit status 1
Could not open input file: /www/webroot/bgbdev/Bin/act_bonus_outdoor.php

/usr/local/bin/php
exit status 1
Could not open input file: /www/webroot/bgbdev/Bin/act_bonus_outdoor.php

/usr/local/bin/php
exit status 1
Could not open input file: /www/webroot/bgbdev/Bin/act_bonus_outdoor.php

/usr/local/bin/php
exit status 1
Could not open input file: /www/webroot/bgbdev/Bin/act_bonus_outdoor.php

/usr/local/bin/php
exit status 1
Could not open input file: /www/webroot/bgbdev/Bin/act_bonus_outdoor.php

/usr/local/bin/php
exit status 1
Could not open input file: /www/webroot/bgbdev/Bin/act_bonus_outdoor.php

/usr/local/bin/php
exit status 1
Could not open input file: /www/webroot/bgbdev/Bin/act_bonus_outdoor.php

/usr/local/bin/php
exit status 1
Could not open input file: /www/webroot/bgbdev/Bin/act_bonus_outdoor.php

/usr/local/bin/php
exit status 1
Could not open input file: /www/webroot/bgbdev/Bin/act_bonus_outdoor.php

/usr/local/bin/php
exit status 1
Could not open input file: /www/webroot/bgbdev/Bin/act_bonus_outdoor.php

/usr/local/bin/php
exit status 1
Could not open input file: /www/webroot/bgbdev/Bin/act_bonus_outdoor.php

/usr/local/bin/php
exit status 1
Could not open input file: /www/webroot/bgbdev/Bin/act_bonus_outdoor.php

/usr/local/bin/php
exit status 1
Could not open input file: /www/webroot/bgbdev/Bin/act_bonus_outdoor.php

/usr/local/bin/php
exit status 1
Could not open input file: /www/webroot/bgbdev/Bin/act_bonus_outdoor.php

/usr/local/bin/php
exit status 1
Could not open input file: /www/webroot/bgbdev/Bin/act_bonus_outdoor.php

/usr/local/bin/php
exit status 1
Could not open input file: /www/webroot/bgbdev/Bin/act_bonus_outdoor.php

/usr/local/bin/php
exit status 1
Could not open input file: /www/webroot/bgbdev/Bin/act_bonus_outdoor.php

/usr/local/bin/php
exit status 1
Could not open input file: /www/webroot/bgbdev/Bin/act_bonus_outdoor.php

/usr/local/bin/php
exit status 1
Could not open input file: /www/webroot/bgbdev/Bin/act_bonus_outdoor.php

/usr/local/bin/php
exit status 1
Could not open input file: /www/webroot/bgbdev/Bin/act_bonus_outdoor.php

/usr/local/bin/php
exit status 1
Could not open input file: /www/webroot/bgbdev/Bin/act_bonus_outdoor.php

/usr/local/bin/php
exit status 1
Could not open input file: /www/webroot/bgbdev/Bin/act_bonus_outdoor.php

cronStart
start1second
start1second
start1second
start
start1second
start1second
start1second
cmoplete1second
start1second
cmoplete1second
start1second
cmoplete1second
start
start1second
cmoplete1second
start1second
cmoplete1second
start1second
cmoplete1second
start1second
cmoplete1second
start1second
cmoplete1second
start
start1second
cmoplete
cmoplete1second
start1second
cmoplete1second
start1second
cmoplete1second
start1second
cmoplete1second
start1second
cmoplete1second
start
start1second
cmoplete
cmoplete1second
start1second
cmoplete1second
start1second
cmoplete1second
start1second
cmoplete1second
start1second
cmoplete1second
start
start1second
cmoplete1second
cmoplete
cmoplete1second
start1second
start1second
cmoplete1second
start1second
cmoplete1second
start1second
cmoplete1second
start
start1second
cmoplete
cmoplete1second
start1second
cmoplete1second
start1second
cmoplete1second
start1second
cmoplete1second
start1second
cmoplete1second
start
start1second
cmoplete1second
cmoplete
start1second
cmoplete1second
start1second
cmoplete1second
start1second
cmoplete1second
cmoplete1second
start1second
start
start1second
cmoplete1second
cmoplete
cmoplete1second
start1second
start1second
cmoplete1second
start1second
cmoplete1second
cmoplete1second
start1second
start
start1second
cmoplete
cmoplete1second
start1second
cmoplete1second
start1second
cmoplete1second
cmoplete1second
cronStart
start1second
cmoplete1second
start
start1second
cmoplete
cmoplete1second
start1second
cmoplete1second
start1second
cmoplete1second
start1second
start1second
cmoplete1second
start
start1second
cmoplete
exitings
cmoplete1second
start1second
cmoplete1second
cmoplete1second
start1second
cmoplete1second
start1second
cmoplete1second
start1second
cmoplete
cmoplete1second
start
start1second
cmoplete1second
start1second
cmoplete1second
start1second
start1second
cmoplete1second
start1second
cmoplete1second
cmoplete
start
start1second
cmoplete1second
start1second
cmoplete1second
start1second
cmoplete1second
start1second
cmoplete1second
start1second
cmoplete1second
cmoplete1second
start
start1second
cmoplete
start1second
cmoplete1second
cmoplete1second
start1second
start1second
cmoplete1second
start1second
cmoplete1second
cmoplete
start
start1second
cmoplete1second
cmoplete1second
start1second
start1second
cmoplete1second
start1second
cmoplete1second
start1second
cmoplete1second
start
start1second
cmoplete
cmoplete1second
start1second
cmoplete1second
start1second
cmoplete1second
cmoplete1second
start1second
start1second
cmoplete1second
cmoplete1second
start
start1second
cmoplete
cmoplete1second
start1second
start1second
cmoplete1second
start1second
cmoplete1second
start1second
cmoplete1second
start
start1second
cmoplete1second
cmoplete
start1second
cmoplete1second
start1second
cmoplete1second
cmoplete1second
start1second
start1second
cmoplete1second
start
start1second
cmoplete1second
cmoplete
cmoplete1second
start1second
cmoplete1second
start1second
start1second
cmoplete1second
start1second
cmoplete1second
cmoplete1second
start
cmoplete
start1second
start1second
cmoplete1second
cmoplete1second
start1second
cmoplete1second
cmoplete1second
cmoplete1second
cmoplete
cmoplete1second
cmoplete1second
cmoplete
exitings
